Log file open, 10/22/19 23:06:59
LogWindows: Failed to load 'aqProf.dll' (GetLastError=126)
LogWindows: File 'aqProf.dll' does not exist
LogWindows: Failed to load 'VtuneApi.dll' (GetLastError=126)
LogWindows: File 'VtuneApi.dll' does not exist
LogWindows: Failed to load 'VtuneApi32e.dll' (GetLastError=126)
LogWindows: File 'VtuneApi32e.dll' does not exist
LogConsoleResponse: Display: Failed to find resolution value strings in scalability ini. Falling back to default.
LogInit: Display: Running engine for game: ConwayGame
LogPakFile: Registered encryption key '00000000000000000000000000000000': 0 pak files mounted, 0 remain pending
LogPlatformFile: Not using cached read wrapper
LogTaskGraph: Started task graph with 5 named threads and 35 total threads with 3 sets of task threads.
LogStats: Stats thread started at 0.393327
LogD3D11RHI: Loaded GFSDK_Aftermath_Lib.x64.dll
LogICUInternationalization: ICU TimeZone Detection - Raw Offset: +1:00, Platform Override: ''
LogPluginManager: Mounting plugin Paper2D
LogPluginManager: Mounting plugin AISupport
LogPluginManager: Mounting plugin LightPropagationVolume
LogPluginManager: Mounting plugin ActorLayerUtilities
LogPluginManager: Mounting plugin AnimationSharing
LogPluginManager: Mounting plugin CLionSourceCodeAccess
LogPluginManager: Mounting plugin CodeLiteSourceCodeAccess
LogPluginManager: Mounting plugin GitSourceControl
LogPluginManager: Mounting plugin KDevelopSourceCodeAccess
LogPluginManager: Mounting plugin NullSourceCodeAccess
LogPluginManager: Mounting plugin PerforceSourceControl
LogPluginManager: Mounting plugin SubversionSourceControl
LogPluginManager: Mounting plugin UObjectPlugin
LogPluginManager: Mounting plugin VisualStudioCodeSourceCodeAccess
LogPluginManager: Mounting plugin VisualStudioSourceCodeAccess
LogPluginManager: Mounting plugin XCodeSourceCodeAccess
LogPluginManager: Mounting plugin AssetManagerEditor
LogPluginManager: Mounting plugin CryptoKeys
LogPluginManager: Mounting plugin DataValidation
LogPluginManager: Mounting plugin FacialAnimation
LogPluginManager: Mounting plugin GameplayTagsEditor
LogPluginManager: Mounting plugin MacGraphicsSwitching
LogPluginManager: Mounting plugin MaterialAnalyzer
LogPluginManager: Mounting plugin MobileLauncherProfileWizard
LogPluginManager: Mounting plugin PluginBrowser
LogPluginManager: Mounting plugin SpeedTreeImporter
LogPluginManager: Mounting plugin DatasmithContent
LogPluginManager: Mounting plugin VariantManagerContent
LogPluginManager: Mounting plugin AlembicImporter
LogPluginManager: Mounting plugin AppleImageUtils
LogPluginManager: Mounting plugin AppleVision
LogPluginManager: Mounting plugin BackChannel
LogPluginManager: Mounting plugin CharacterAI
LogPluginManager: Mounting plugin GeometryCache
LogPluginManager: Mounting plugin HTML5Networking
LogPluginManager: Mounting plugin ProxyLODPlugin
LogPluginManager: Mounting plugin SkeletalReduction
LogPluginManager: Mounting plugin MagicLeap
LogPluginManager: Mounting plugin MagicLeapMedia
LogPluginManager: Mounting plugin AndroidMedia
LogPluginManager: Mounting plugin AvfMedia
LogPluginManager: Mounting plugin ImgMedia
LogPluginManager: Mounting plugin LinearTimecode
LogPluginManager: Mounting plugin MediaCompositing
LogPluginManager: Mounting plugin MediaPlayerEditor
LogPluginManager: Mounting plugin WebMMedia
LogPluginManager: Mounting plugin WmfMedia
LogPluginManager: Mounting plugin TcpMessaging
LogPluginManager: Mounting plugin UdpMessaging
LogPluginManager: Mounting plugin ActorSequence
LogPluginManager: Mounting plugin LevelSequenceEditor
LogPluginManager: Mounting plugin MatineeToLevelSequence
LogPluginManager: Mounting plugin NetcodeUnitTest
LogPluginManager: Mounting plugin NUTUnrealEngine4
LogPluginManager: Mounting plugin OnlineSubsystemGooglePlay
LogPluginManager: Mounting plugin OnlineSubsystemIOS
LogPluginManager: Mounting plugin OnlineSubsystem
LogPluginManager: Mounting plugin OnlineSubsystemNull
LogPluginManager: Mounting plugin OnlineSubsystemUtils
LogPluginManager: Mounting plugin LauncherChunkInstaller
LogPluginManager: Mounting plugin AndroidDeviceProfileSelector
LogPluginManager: Mounting plugin AndroidMoviePlayer
LogPluginManager: Mounting plugin AndroidPermission
LogPluginManager: Mounting plugin AppleMoviePlayer
LogPluginManager: Mounting plugin ArchVisCharacter
LogPluginManager: Mounting plugin AudioCapture
LogPluginManager: Mounting plugin CableComponent
LogPluginManager: Mounting plugin CustomMeshComponent
LogPluginManager: Mounting plugin EditableMesh
LogPluginManager: Mounting plugin ExampleDeviceProfileSelector
LogPluginManager: Mounting plugin Firebase
LogPluginManager: Mounting plugin GoogleCloudMessaging
LogPluginManager: Mounting plugin IOSDeviceProfileSelector
LogPluginManager: Mounting plugin LinuxDeviceProfileSelector
LogPluginManager: Mounting plugin LocationServicesBPLibrary
LogPluginManager: Mounting plugin MobilePatchingUtils
LogPluginManager: Mounting plugin OculusVR
LogPluginManager: Mounting plugin PhysXVehicles
LogPluginManager: Mounting plugin ProceduralMeshComponent
LogPluginManager: Mounting plugin RuntimePhysXCooking
LogPluginManager: Mounting plugin SignificanceManager
LogPluginManager: Mounting plugin SteamVR
LogPluginManager: Mounting plugin WebMMoviePlayer
LogPluginManager: Mounting plugin WindowsMoviePlayer
LogInit: Using libcurl 7.55.1-DEV
LogInit:  - built for x86_64-pc-win32
LogInit:  - supports SSL with OpenSSL/1.1.1
LogInit:  - supports HTTP deflate (compression) using libz 1.2.8
LogInit:  - other features:
LogInit:      CURL_VERSION_SSL
LogInit:      CURL_VERSION_LIBZ
LogInit:      CURL_VERSION_IPV6
LogInit:      CURL_VERSION_ASYNCHDNS
LogInit:      CURL_VERSION_LARGEFILE
LogInit:      CURL_VERSION_IDN
LogInit:  CurlRequestOptions (configurable via config and command line):
LogInit:  - bVerifyPeer = true  - Libcurl will verify peer certificate
LogInit:  - bUseHttpProxy = false  - Libcurl will NOT use HTTP proxy
LogInit:  - bDontReuseConnections = false  - Libcurl will reuse connections
LogInit:  - MaxHostConnections = 16  - Libcurl will limit the number of connections to a host
LogInit:  - LocalHostAddr = Default
LogInit:  - BufferSize = 65536
LogInit: WinSock: version 1.1 (2.2), MaxSocks=32767, MaxUdp=65467
LogInit: Build: ++UE4+Release-4.22-CL-7053642
LogInit: Engine Version: 4.22.3-7053642+++UE4+Release-4.22
LogInit: Compatible Engine Version: 4.22.0-5660361+++UE4+Release-4.22
LogInit: Net CL: 5660361
LogInit: OS: Windows 10 (Release 1903) (), CPU: Intel(R) Core(TM) i7-9750H CPU @ 2.60GHz, GPU: Intel(R) UHD Graphics 630
LogInit: Compiled (64-bit): Jun 18 2019 03:09:11
LogInit: Compiled with Visual C++: 19.16.27025.01
LogInit: Build Configuration: Development
LogInit: Branch Name: ++UE4+Release-4.22
LogInit: Command Line:  -EpicPortal -epicusername=janjo1349 -epicuserid=f444965fd0a04fd8aa5f6a9744b28a02 -epiclocale=en-US
LogInit: Base Directory: C:/Program Files/Epic Games/UE_4.22/Engine/Binaries/Win64/
LogInit: Installed Engine Build: 1
LogDevObjectVersion: Number of dev versions registered: 23
LogDevObjectVersion:   Dev-Blueprints (B0D832E4-1F89-4F0D-ACCF-7EB736FD4AA2): 10
LogDevObjectVersion:   Dev-Build (E1C64328-A22C-4D53-A36C-8E866417BD8C): 0
LogDevObjectVersion:   Dev-Core (375EC13C-06E4-48FB-B500-84F0262A717E): 3
LogDevObjectVersion:   Dev-Editor (E4B068ED-F494-42E9-A231-DA0B2E46BB41): 30
LogDevObjectVersion:   Dev-Framework (CFFC743F-43B0-4480-9391-14DF171D2073): 35
LogDevObjectVersion:   Dev-Mobile (B02B49B5-BB20-44E9-A304-32B752E40360): 2
LogDevObjectVersion:   Dev-Networking (A4E4105C-59A1-49B5-A7C5-40C4547EDFEE): 0
LogDevObjectVersion:   Dev-Online (39C831C9-5AE6-47DC-9A44-9C173E1C8E7C): 0
LogDevObjectVersion:   Dev-Physics (78F01B33-EBEA-4F98-B9B4-84EACCB95AA2): 0
LogDevObjectVersion:   Dev-Platform (6631380F-2D4D-43E0-8009-CF276956A95A): 0
LogDevObjectVersion:   Dev-Rendering (12F88B9F-8875-4AFC-A67C-D90C383ABD29): 28
LogDevObjectVersion:   Dev-Sequencer (7B5AE74C-D270-4C10-A958-57980B212A5A): 11
LogDevObjectVersion:   Dev-VR (D7296918-1DD6-4BDD-9DE2-64A83CC13884): 2
LogDevObjectVersion:   Dev-LoadTimes (C2A15278-BFE7-4AFE-6C17-90FF531DF755): 1
LogDevObjectVersion:   Private-Geometry (6EACA3D4-40EC-4CC1-B786-8BED09428FC5): 3
LogDevObjectVersion:   Dev-AnimPhys (29E575DD-E0A3-4627-9D10-D276232CDCEA): 17
LogDevObjectVersion:   Dev-Anim (AF43A65D-7FD3-4947-9873-3E8ED9C1BB05): 2
LogDevObjectVersion:   Dev-ReflectionCapture (6B266CEC-1EC7-4B8F-A30B-E4D90942FC07): 1
LogDevObjectVersion:   Dev-Automation (0DF73D61-A23F-47EA-B727-89E90C41499A): 1
LogDevObjectVersion:   FortniteMain (601D1886-AC64-4F84-AA16-D3DE0DEAC7D6): 25
LogDevObjectVersion:   Dev-Enterprise (9DFFBCD6-494F-0158-E221-12823C92A888): 6
LogDevObjectVersion:   Dev-Niagara (F2AED0AC-9AFE-416F-8664-AA7FFA26D6FC): 1
LogDevObjectVersion:   Dev-Destruction (174F1F0B-B4C6-45A5-B13F-2EE8D0FB917D): 2
LogInit: Presizing for max 16777216 objects, including 0 objects not considered by GC, pre-allocating 0 bytes for permanent pool.
LogInit: Object subsystem initialized
LogConfig: Setting CVar [[con.DebugEarlyDefault:1]]
LogConfig: Setting CVar [[r.setres:1280x720]]
[2019.10.22-21.06.59:326][  0]LogConfig: Setting CVar [[r.VSync:0]]
[2019.10.22-21.06.59:326][  0]LogConfig: Setting CVar [[r.RHICmdBypass:0]]
[2019.10.22-21.06.59:326][  0]LogConfig: Applying CVar settings from Section [/Script/Engine.RendererSettings] File [C:/Users/drhut/OneDrive/Escritorio/JanJongejeugd_Conway/ConwayUE4/ConwayGame/Saved/Config/Windows/Engine.ini]
[2019.10.22-21.06.59:326][  0]LogConfig: Setting CVar [[r.GPUCrashDebugging:0]]
[2019.10.22-21.06.59:326][  0]LogConfig: Setting CVar [[r.DefaultFeature.AutoExposure.ExtendDefaultLuminanceRange:1]]
[2019.10.22-21.06.59:326][  0]LogConfig: Setting CVar [[r.SkinCache.CompileShaders:1]]
[2019.10.22-21.06.59:326][  0]LogConfig: Setting CVar [[r.RayTracing:0]]
[2019.10.22-21.06.59:326][  0]LogConfig: Applying CVar settings from Section [/Script/Engine.RendererOverrideSettings] File [C:/Users/drhut/OneDrive/Escritorio/JanJongejeugd_Conway/ConwayUE4/ConwayGame/Saved/Config/Windows/Engine.ini]
[2019.10.22-21.06.59:326][  0]LogConfig: Applying CVar settings from Section [/Script/Engine.StreamingSettings] File [C:/Users/drhut/OneDrive/Escritorio/JanJongejeugd_Conway/ConwayUE4/ConwayGame/Saved/Config/Windows/Engine.ini]
[2019.10.22-21.06.59:326][  0]LogConfig: Setting CVar [[s.MinBulkDataSizeForAsyncLoading:131072]]
[2019.10.22-21.06.59:326][  0]LogConfig: Setting CVar [[s.AsyncLoadingThreadEnabled:0]]
[2019.10.22-21.06.59:326][  0]LogConfig: Setting CVar [[s.EventDrivenLoaderEnabled:1]]
[2019.10.22-21.06.59:326][  0]LogConfig: Setting CVar [[s.WarnIfTimeLimitExceeded:0]]
[2019.10.22-21.06.59:326][  0]LogConfig: Setting CVar [[s.TimeLimitExceededMultiplier:1.5]]
[2019.10.22-21.06.59:326][  0]LogConfig: Setting CVar [[s.TimeLimitExceededMinTime:0.005]]
[2019.10.22-21.06.59:326][  0]LogConfig: Setting CVar [[s.UseBackgroundLevelStreaming:1]]
[2019.10.22-21.06.59:326][  0]LogConfig: Setting CVar [[s.PriorityAsyncLoadingExtraTime:15.0]]
[2019.10.22-21.06.59:326][  0]LogConfig: Setting CVar [[s.LevelStreamingActorsUpdateTimeLimit:5.0]]
[2019.10.22-21.06.59:326][  0]LogConfig: Setting CVar [[s.PriorityLevelStreamingActorsUpdateExtraTime:5.0]]
[2019.10.22-21.06.59:326][  0]LogConfig: Setting CVar [[s.LevelStreamingComponentsRegistrationGranularity:10]]
[2019.10.22-21.06.59:326][  0]LogConfig: Setting CVar [[s.UnregisterComponentsTimeLimit:1.0]]
[2019.10.22-21.06.59:327][  0]LogConfig: Setting CVar [[s.LevelStreamingComponentsUnregistrationGranularity:5]]
[2019.10.22-21.06.59:327][  0]LogConfig: Applying CVar settings from Section [/Script/Engine.GarbageCollectionSettings] File [C:/Users/drhut/OneDrive/Escritorio/JanJongejeugd_Conway/ConwayUE4/ConwayGame/Saved/Config/Windows/Engine.ini]
[2019.10.22-21.06.59:327][  0]LogConfig: Setting CVar [[gc.MaxObjectsNotConsideredByGC:1]]
[2019.10.22-21.06.59:327][  0]LogConfig: Setting CVar [[gc.SizeOfPermanentObjectPool:0]]
[2019.10.22-21.06.59:327][  0]LogConfig: Setting CVar [[gc.FlushStreamingOnGC:0]]
[2019.10.22-21.06.59:327][  0]LogConfig: Setting CVar [[gc.NumRetriesBeforeForcingGC:10]]
[2019.10.22-21.06.59:327][  0]LogConfig: Setting CVar [[gc.AllowParallelGC:1]]
[2019.10.22-21.06.59:327][  0]LogConfig: Setting CVar [[gc.TimeBetweenPurgingPendingKillObjects:61.1]]
[2019.10.22-21.06.59:327][  0]LogConfig: Setting CVar [[gc.MaxObjectsInEditor:16777216]]
[2019.10.22-21.06.59:327][  0]LogConfig: Setting CVar [[gc.IncrementalBeginDestroyEnabled:1]]
[2019.10.22-21.06.59:327][  0]LogConfig: Setting CVar [[gc.CreateGCClusters:1]]
[2019.10.22-21.06.59:327][  0]LogConfig: Setting CVar [[gc.MinGCClusterSize:5]]
[2019.10.22-21.06.59:327][  0]LogConfig: Setting CVar [[gc.ActorClusteringEnabled:0]]
[2019.10.22-21.06.59:327][  0]LogConfig: Setting CVar [[gc.BlueprintClusteringEnabled:0]]
[2019.10.22-21.06.59:327][  0]LogConfig: Setting CVar [[gc.UseDisregardForGCOnDedicatedServers:0]]
[2019.10.22-21.06.59:327][  0]LogConfig: Applying CVar settings from Section [/Script/Engine.NetworkSettings] File [C:/Users/drhut/OneDrive/Escritorio/JanJongejeugd_Conway/ConwayUE4/ConwayGame/Saved/Config/Windows/Engine.ini]
[2019.10.22-21.06.59:327][  0]LogConfig: Applying CVar settings from Section [/Script/UnrealEd.CookerSettings] File [C:/Users/drhut/OneDrive/Escritorio/JanJongejeugd_Conway/ConwayUE4/ConwayGame/Saved/Config/Windows/Engine.ini]
[2019.10.22-21.06.59:331][  0]LogConfig: Applying CVar settings from Section [ViewDistanceQuality@3] File [C:/Users/drhut/OneDrive/Escritorio/JanJongejeugd_Conway/ConwayUE4/ConwayGame/Saved/Config/Windows/Scalability.ini]
[2019.10.22-21.06.59:331][  0]LogConfig: Setting CVar [[r.SkeletalMeshLODBias:0]]
[2019.10.22-21.06.59:331][  0]LogConfig: Setting CVar [[r.ViewDistanceScale:1.0]]
[2019.10.22-21.06.59:331][  0]LogConfig: Applying CVar settings from Section [AntiAliasingQuality@3] File [C:/Users/drhut/OneDrive/Escritorio/JanJongejeugd_Conway/ConwayUE4/ConwayGame/Saved/Config/Windows/Scalability.ini]
[2019.10.22-21.06.59:331][  0]LogConfig: Setting CVar [[r.PostProcessAAQuality:4]]
[2019.10.22-21.06.59:331][  0]LogConfig: Applying CVar settings from Section [ShadowQuality@3] File [C:/Users/drhut/OneDrive/Escritorio/JanJongejeugd_Conway/ConwayUE4/ConwayGame/Saved/Config/Windows/Scalability.ini]
[2019.10.22-21.06.59:331][  0]LogConfig: Setting CVar [[r.LightFunctionQuality:1]]
[2019.10.22-21.06.59:331][  0]LogConfig: Setting CVar [[r.ShadowQuality:5]]
[2019.10.22-21.06.59:331][  0]LogConfig: Setting CVar [[r.Shadow.CSM.MaxCascades:10]]
[2019.10.22-21.06.59:331][  0]LogConfig: Setting CVar [[r.Shadow.MaxResolution:2048]]
[2019.10.22-21.06.59:331][  0]LogConfig: Setting CVar [[r.Shadow.MaxCSMResolution:2048]]
[2019.10.22-21.06.59:331][  0]LogConfig: Setting CVar [[r.Shadow.RadiusThreshold:0.01]]
[2019.10.22-21.06.59:331][  0]LogConfig: Setting CVar [[r.Shadow.DistanceScale:1.0]]
[2019.10.22-21.06.59:331][  0]LogConfig: Setting CVar [[r.Shadow.CSM.TransitionScale:1.0]]
[2019.10.22-21.06.59:331][  0]LogConfig: Setting CVar [[r.Shadow.PreShadowResolutionFactor:1.0]]
[2019.10.22-21.06.59:331][  0]LogConfig: Setting CVar [[r.DistanceFieldShadowing:1]]
[2019.10.22-21.06.59:331][  0]LogConfig: Setting CVar [[r.DistanceFieldAO:1]]
[2019.10.22-21.06.59:331][  0]LogConfig: Setting CVar [[r.AOQuality:2]]
[2019.10.22-21.06.59:331][  0]LogConfig: Setting CVar [[r.VolumetricFog:1]]
[2019.10.22-21.06.59:331][  0]LogConfig: Setting CVar [[r.VolumetricFog.GridPixelSize:8]]
[2019.10.22-21.06.59:331][  0]LogConfig: Setting CVar [[r.VolumetricFog.GridSizeZ:128]]
[2019.10.22-21.06.59:331][  0]LogConfig: Setting CVar [[r.VolumetricFog.HistoryMissSupersampleCount:4]]
[2019.10.22-21.06.59:331][  0]LogConfig: Setting CVar [[r.LightMaxDrawDistanceScale:1]]
[2019.10.22-21.06.59:331][  0]LogConfig: Setting CVar [[r.CapsuleShadows:1]]
[2019.10.22-21.06.59:331][  0]LogConfig: Applying CVar settings from Section [PostProcessQuality@3] File [C:/Users/drhut/OneDrive/Escritorio/JanJongejeugd_Conway/ConwayUE4/ConwayGame/Saved/Config/Windows/Scalability.ini]
[2019.10.22-21.06.59:331][  0]LogConfig: Setting CVar [[r.MotionBlurQuality:4]]
[2019.10.22-21.06.59:331][  0]LogConfig: Setting CVar [[r.AmbientOcclusionMipLevelFactor:0.4]]
[2019.10.22-21.06.59:331][  0]LogConfig: Setting CVar [[r.AmbientOcclusionMaxQuality:100]]
[2019.10.22-21.06.59:331][  0]LogConfig: Setting CVar [[r.AmbientOcclusionLevels:-1]]
[2019.10.22-21.06.59:331][  0]LogConfig: Setting CVar [[r.AmbientOcclusionRadiusScale:1.0]]
[2019.10.22-21.06.59:331][  0]LogConfig: Setting CVar [[r.DepthOfFieldQuality:2]]
[2019.10.22-21.06.59:331][  0]LogConfig: Setting CVar [[r.RenderTargetPoolMin:400]]
[2019.10.22-21.06.59:331][  0]LogConfig: Setting CVar [[r.LensFlareQuality:2]]
[2019.10.22-21.06.59:331][  0]LogConfig: Setting CVar [[r.SceneColorFringeQuality:1]]
[2019.10.22-21.06.59:331][  0]LogConfig: Setting CVar [[r.EyeAdaptationQuality:2]]
[2019.10.22-21.06.59:331][  0]LogConfig: Setting CVar [[r.BloomQuality:5]]
[2019.10.22-21.06.59:331][  0]LogConfig: Setting CVar [[r.FastBlurThreshold:100]]
[2019.10.22-21.06.59:331][  0]LogConfig: Setting CVar [[r.Upscale.Quality:3]]
[2019.10.22-21.06.59:331][  0]LogConfig: Setting CVar [[r.Tonemapper.GrainQuantization:1]]
[2019.10.22-21.06.59:331][  0]LogConfig: Setting CVar [[r.LightShaftQuality:1]]
[2019.10.22-21.06.59:331][  0]LogConfig: Setting CVar [[r.Filter.SizeScale:1]]
[2019.10.22-21.06.59:331][  0]LogConfig: Setting CVar [[r.Tonemapper.Quality:5]]
[2019.10.22-21.06.59:331][  0]LogConfig: Setting CVar [[r.DOF.Gather.AccumulatorQuality:1        ; higher gathering accumulator quality]]
[2019.10.22-21.06.59:331][  0]LogConfig: Setting CVar [[r.DOF.Gather.PostfilterMethod:1          ; Median3x3 postfilering method]]
[2019.10.22-21.06.59:331][  0]LogConfig: Setting CVar [[r.DOF.Gather.EnableBokehSettings:0       ; no bokeh simulation when gathering]]
[2019.10.22-21.06.59:331][  0]LogConfig: Setting CVar [[r.DOF.Gather.RingCount:4                 ; medium number of samples when gathering]]
[2019.10.22-21.06.59:331][  0]LogConfig: Setting CVar [[r.DOF.Scatter.ForegroundCompositing:1    ; additive foreground scattering]]
[2019.10.22-21.06.59:331][  0]LogConfig: Setting CVar [[r.DOF.Scatter.BackgroundCompositing:2    ; additive background scattering]]
[2019.10.22-21.06.59:332][  0]LogConfig: Setting CVar [[r.DOF.Scatter.EnableBokehSettings:1      ; bokeh simulation when scattering]]
[2019.10.22-21.06.59:332][  0]LogConfig: Setting CVar [[r.DOF.Scatter.MaxSpriteRatio:0.1         ; only a maximum of 10% of scattered bokeh]]
[2019.10.22-21.06.59:332][  0]LogConfig: Setting CVar [[r.DOF.Recombine.Quality:1                ; cheap slight out of focus]]
[2019.10.22-21.06.59:332][  0]LogConfig: Setting CVar [[r.DOF.Recombine.EnableBokehSettings:0    ; no bokeh simulation on slight out of focus]]
[2019.10.22-21.06.59:332][  0]LogConfig: Setting CVar [[r.DOF.TemporalAAQuality:1                ; more stable temporal accumulation]]
[2019.10.22-21.06.59:332][  0]LogConfig: Setting CVar [[r.DOF.Kernel.MaxForegroundRadius:0.025]]
[2019.10.22-21.06.59:332][  0]LogConfig: Setting CVar [[r.DOF.Kernel.MaxBackgroundRadius:0.025]]
[2019.10.22-21.06.59:332][  0]LogConfig: Applying CVar settings from Section [TextureQuality@3] File [C:/Users/drhut/OneDrive/Escritorio/JanJongejeugd_Conway/ConwayUE4/ConwayGame/Saved/Config/Windows/Scalability.ini]
[2019.10.22-21.06.59:332][  0]LogConfig: Setting CVar [[r.Streaming.MipBias:0]]
[2019.10.22-21.06.59:332][  0]LogConfig: Setting CVar [[r.Streaming.AmortizeCPUToGPUCopy:0]]
[2019.10.22-21.06.59:332][  0]LogConfig: Setting CVar [[r.Streaming.MaxNumTexturesToStreamPerFrame:0]]
[2019.10.22-21.06.59:332][  0]LogConfig: Setting CVar [[r.Streaming.Boost:1]]
[2019.10.22-21.06.59:332][  0]LogConfig: Setting CVar [[r.MaxAnisotropy:8]]
[2019.10.22-21.06.59:332][  0]LogConfig: Setting CVar [[r.Streaming.LimitPoolSizeToVRAM:0]]
[2019.10.22-21.06.59:332][  0]LogConfig: Setting CVar [[r.Streaming.PoolSize:1000]]
[2019.10.22-21.06.59:332][  0]LogConfig: Setting CVar [[r.Streaming.MaxEffectiveScreenSize:0]]
[2019.10.22-21.06.59:332][  0]LogConfig: Applying CVar settings from Section [EffectsQuality@3] File [C:/Users/drhut/OneDrive/Escritorio/JanJongejeugd_Conway/ConwayUE4/ConwayGame/Saved/Config/Windows/Scalability.ini]
[2019.10.22-21.06.59:332][  0]LogConfig: Setting CVar [[r.TranslucencyLightingVolumeDim:64]]
[2019.10.22-21.06.59:332][  0]LogConfig: Setting CVar [[r.RefractionQuality:2]]
[2019.10.22-21.06.59:332][  0]LogConfig: Setting CVar [[r.SSR.Quality:3]]
[2019.10.22-21.06.59:332][  0]LogConfig: Setting CVar [[r.SceneColorFormat:4]]
[2019.10.22-21.06.59:332][  0]LogConfig: Setting CVar [[r.DetailMode:2]]
[2019.10.22-21.06.59:332][  0]LogConfig: Setting CVar [[r.TranslucencyVolumeBlur:1]]
[2019.10.22-21.06.59:332][  0]LogConfig: Setting CVar [[r.MaterialQualityLevel:1 ; High quality]]
[2019.10.22-21.06.59:332][  0]LogConfig: Setting CVar [[r.SSS.Scale:1]]
[2019.10.22-21.06.59:332][  0]LogConfig: Setting CVar [[r.SSS.SampleSet:2]]
[2019.10.22-21.06.59:332][  0]LogConfig: Setting CVar [[r.SSS.Quality:1]]
[2019.10.22-21.06.59:332][  0]LogConfig: Setting CVar [[r.SSS.HalfRes:1]]
[2019.10.22-21.06.59:332][  0]LogConfig: Setting CVar [[r.EmitterSpawnRateScale:1.0]]
[2019.10.22-21.06.59:332][  0]LogConfig: Setting CVar [[r.ParticleLightQuality:2]]
[2019.10.22-21.06.59:332][  0]LogConfig: Applying CVar settings from Section [FoliageQuality@3] File [C:/Users/drhut/OneDrive/Escritorio/JanJongejeugd_Conway/ConwayUE4/ConwayGame/Saved/Config/Windows/Scalability.ini]
[2019.10.22-21.06.59:332][  0]LogConfig: Setting CVar [[foliage.DensityScale:1.0]]
[2019.10.22-21.06.59:332][  0]LogConfig: Setting CVar [[grass.DensityScale:1.0]]
[2019.10.22-21.06.59:332][  0]LogInit: Selected Device Profile: [Windows]
[2019.10.22-21.06.59:332][  0]LogInit: Applying CVar settings loaded from the selected device profile: [Windows]
[2019.10.22-21.06.59:343][  0]LogHAL: Display: Platform has ~ 16 GB [17022767104 / 17179869184 / 16], which maps to Larger [LargestMinGB=32, LargerMinGB=12, DefaultMinGB=8, SmallerMinGB=6, SmallestMinGB=0)
[2019.10.22-21.06.59:343][  0]LogConfig: Setting CVar [[r.Vulkan.UseRealUBs:0		; Required until we fix HLR fall-out]]
[2019.10.22-21.06.59:343][  0]LogInit: Going up to parent DeviceProfile []
[2019.10.22-21.06.59:344][  0]LogConfig: Applying CVar settings from Section [ViewDistanceQuality@3] File [C:/Users/drhut/OneDrive/Escritorio/JanJongejeugd_Conway/ConwayUE4/ConwayGame/Saved/Config/Windows/Scalability.ini]
[2019.10.22-21.06.59:344][  0]LogConfig: Setting CVar [[r.SkeletalMeshLODBias:0]]
[2019.10.22-21.06.59:344][  0]LogConfig: Setting CVar [[r.ViewDistanceScale:1.0]]
[2019.10.22-21.06.59:344][  0]LogConfig: Applying CVar settings from Section [AntiAliasingQuality@3] File [C:/Users/drhut/OneDrive/Escritorio/JanJongejeugd_Conway/ConwayUE4/ConwayGame/Saved/Config/Windows/Scalability.ini]
[2019.10.22-21.06.59:344][  0]LogConfig: Setting CVar [[r.PostProcessAAQuality:4]]
[2019.10.22-21.06.59:344][  0]LogConfig: Applying CVar settings from Section [ShadowQuality@3] File [C:/Users/drhut/OneDrive/Escritorio/JanJongejeugd_Conway/ConwayUE4/ConwayGame/Saved/Config/Windows/Scalability.ini]
[2019.10.22-21.06.59:344][  0]LogConfig: Setting CVar [[r.LightFunctionQuality:1]]
[2019.10.22-21.06.59:344][  0]LogConfig: Setting CVar [[r.ShadowQuality:5]]
[2019.10.22-21.06.59:344][  0]LogConfig: Setting CVar [[r.Shadow.CSM.MaxCascades:10]]
[2019.10.22-21.06.59:344][  0]LogConfig: Setting CVar [[r.Shadow.MaxResolution:2048]]
[2019.10.22-21.06.59:344][  0]LogConfig: Setting CVar [[r.Shadow.MaxCSMResolution:2048]]
[2019.10.22-21.06.59:344][  0]LogConfig: Setting CVar [[r.Shadow.RadiusThreshold:0.01]]
[2019.10.22-21.06.59:344][  0]LogConfig: Setting CVar [[r.Shadow.DistanceScale:1.0]]
[2019.10.22-21.06.59:344][  0]LogConfig: Setting CVar [[r.Shadow.CSM.TransitionScale:1.0]]
[2019.10.22-21.06.59:344][  0]LogConfig: Setting CVar [[r.Shadow.PreShadowResolutionFactor:1.0]]
[2019.10.22-21.06.59:344][  0]LogConfig: Setting CVar [[r.DistanceFieldShadowing:1]]
[2019.10.22-21.06.59:344][  0]LogConfig: Setting CVar [[r.DistanceFieldAO:1]]
[2019.10.22-21.06.59:344][  0]LogConfig: Setting CVar [[r.AOQuality:2]]
[2019.10.22-21.06.59:344][  0]LogConfig: Setting CVar [[r.VolumetricFog:1]]
[2019.10.22-21.06.59:344][  0]LogConfig: Setting CVar [[r.VolumetricFog.GridPixelSize:8]]
[2019.10.22-21.06.59:344][  0]LogConfig: Setting CVar [[r.VolumetricFog.GridSizeZ:128]]
[2019.10.22-21.06.59:344][  0]LogConfig: Setting CVar [[r.VolumetricFog.HistoryMissSupersampleCount:4]]
[2019.10.22-21.06.59:344][  0]LogConfig: Setting CVar [[r.LightMaxDrawDistanceScale:1]]
[2019.10.22-21.06.59:344][  0]LogConfig: Setting CVar [[r.CapsuleShadows:1]]
[2019.10.22-21.06.59:344][  0]LogConfig: Applying CVar settings from Section [PostProcessQuality@3] File [C:/Users/drhut/OneDrive/Escritorio/JanJongejeugd_Conway/ConwayUE4/ConwayGame/Saved/Config/Windows/Scalability.ini]
[2019.10.22-21.06.59:344][  0]LogConfig: Setting CVar [[r.MotionBlurQuality:4]]
[2019.10.22-21.06.59:344][  0]LogConfig: Setting CVar [[r.AmbientOcclusionMipLevelFactor:0.4]]
[2019.10.22-21.06.59:344][  0]LogConfig: Setting CVar [[r.AmbientOcclusionMaxQuality:100]]
[2019.10.22-21.06.59:344][  0]LogConfig: Setting CVar [[r.AmbientOcclusionLevels:-1]]
[2019.10.22-21.06.59:344][  0]LogConfig: Setting CVar [[r.AmbientOcclusionRadiusScale:1.0]]
[2019.10.22-21.06.59:344][  0]LogConfig: Setting CVar [[r.DepthOfFieldQuality:2]]
[2019.10.22-21.06.59:344][  0]LogConfig: Setting CVar [[r.RenderTargetPoolMin:400]]
[2019.10.22-21.06.59:344][  0]LogConfig: Setting CVar [[r.LensFlareQuality:2]]
[2019.10.22-21.06.59:344][  0]LogConfig: Setting CVar [[r.SceneColorFringeQuality:1]]
[2019.10.22-21.06.59:344][  0]LogConfig: Setting CVar [[r.EyeAdaptationQuality:2]]
[2019.10.22-21.06.59:344][  0]LogConfig: Setting CVar [[r.BloomQuality:5]]
[2019.10.22-21.06.59:344][  0]LogConfig: Setting CVar [[r.FastBlurThreshold:100]]
[2019.10.22-21.06.59:344][  0]LogConfig: Setting CVar [[r.Upscale.Quality:3]]
[2019.10.22-21.06.59:344][  0]LogConfig: Setting CVar [[r.Tonemapper.GrainQuantization:1]]
[2019.10.22-21.06.59:344][  0]LogConfig: Setting CVar [[r.LightShaftQuality:1]]
[2019.10.22-21.06.59:344][  0]LogConfig: Setting CVar [[r.Filter.SizeScale:1]]
[2019.10.22-21.06.59:344][  0]LogConfig: Setting CVar [[r.Tonemapper.Quality:5]]
[2019.10.22-21.06.59:344][  0]LogConfig: Setting CVar [[r.DOF.Gather.AccumulatorQuality:1        ; higher gathering accumulator quality]]
[2019.10.22-21.06.59:344][  0]LogConfig: Setting CVar [[r.DOF.Gather.PostfilterMethod:1          ; Median3x3 postfilering method]]
[2019.10.22-21.06.59:344][  0]LogConfig: Setting CVar [[r.DOF.Gather.EnableBokehSettings:0       ; no bokeh simulation when gathering]]
[2019.10.22-21.06.59:344][  0]LogConfig: Setting CVar [[r.DOF.Gather.RingCount:4                 ; medium number of samples when gathering]]
[2019.10.22-21.06.59:344][  0]LogConfig: Setting CVar [[r.DOF.Scatter.ForegroundCompositing:1    ; additive foreground scattering]]
[2019.10.22-21.06.59:345][  0]LogConfig: Setting CVar [[r.DOF.Scatter.BackgroundCompositing:2    ; additive background scattering]]
[2019.10.22-21.06.59:345][  0]LogConfig: Setting CVar [[r.DOF.Scatter.EnableBokehSettings:1      ; bokeh simulation when scattering]]
[2019.10.22-21.06.59:345][  0]LogConfig: Setting CVar [[r.DOF.Scatter.MaxSpriteRatio:0.1         ; only a maximum of 10% of scattered bokeh]]
[2019.10.22-21.06.59:345][  0]LogConfig: Setting CVar [[r.DOF.Recombine.Quality:1                ; cheap slight out of focus]]
[2019.10.22-21.06.59:345][  0]LogConfig: Setting CVar [[r.DOF.Recombine.EnableBokehSettings:0    ; no bokeh simulation on slight out of focus]]
[2019.10.22-21.06.59:345][  0]LogConfig: Setting CVar [[r.DOF.TemporalAAQuality:1                ; more stable temporal accumulation]]
[2019.10.22-21.06.59:345][  0]LogConfig: Setting CVar [[r.DOF.Kernel.MaxForegroundRadius:0.025]]
[2019.10.22-21.06.59:345][  0]LogConfig: Setting CVar [[r.DOF.Kernel.MaxBackgroundRadius:0.025]]
[2019.10.22-21.06.59:345][  0]LogConfig: Applying CVar settings from Section [TextureQuality@3] File [C:/Users/drhut/OneDrive/Escritorio/JanJongejeugd_Conway/ConwayUE4/ConwayGame/Saved/Config/Windows/Scalability.ini]
[2019.10.22-21.06.59:345][  0]LogConfig: Setting CVar [[r.Streaming.MipBias:0]]
[2019.10.22-21.06.59:345][  0]LogConfig: Setting CVar [[r.Streaming.AmortizeCPUToGPUCopy:0]]
[2019.10.22-21.06.59:345][  0]LogConfig: Setting CVar [[r.Streaming.MaxNumTexturesToStreamPerFrame:0]]
[2019.10.22-21.06.59:345][  0]LogConfig: Setting CVar [[r.Streaming.Boost:1]]
[2019.10.22-21.06.59:345][  0]LogConfig: Setting CVar [[r.MaxAnisotropy:8]]
[2019.10.22-21.06.59:345][  0]LogConfig: Setting CVar [[r.Streaming.LimitPoolSizeToVRAM:0]]
[2019.10.22-21.06.59:345][  0]LogConfig: Setting CVar [[r.Streaming.PoolSize:1000]]
[2019.10.22-21.06.59:345][  0]LogConfig: Setting CVar [[r.Streaming.MaxEffectiveScreenSize:0]]
[2019.10.22-21.06.59:345][  0]LogConfig: Applying CVar settings from Section [EffectsQuality@3] File [C:/Users/drhut/OneDrive/Escritorio/JanJongejeugd_Conway/ConwayUE4/ConwayGame/Saved/Config/Windows/Scalability.ini]
[2019.10.22-21.06.59:345][  0]LogConfig: Setting CVar [[r.TranslucencyLightingVolumeDim:64]]
[2019.10.22-21.06.59:345][  0]LogConfig: Setting CVar [[r.RefractionQuality:2]]
[2019.10.22-21.06.59:345][  0]LogConfig: Setting CVar [[r.SSR.Quality:3]]
[2019.10.22-21.06.59:345][  0]LogConfig: Setting CVar [[r.SceneColorFormat:4]]
[2019.10.22-21.06.59:345][  0]LogConfig: Setting CVar [[r.DetailMode:2]]
[2019.10.22-21.06.59:345][  0]LogConfig: Setting CVar [[r.TranslucencyVolumeBlur:1]]
[2019.10.22-21.06.59:345][  0]LogConfig: Setting CVar [[r.MaterialQualityLevel:1 ; High quality]]
[2019.10.22-21.06.59:345][  0]LogConfig: Setting CVar [[r.SSS.Scale:1]]
[2019.10.22-21.06.59:345][  0]LogConfig: Setting CVar [[r.SSS.SampleSet:2]]
[2019.10.22-21.06.59:345][  0]LogConfig: Setting CVar [[r.SSS.Quality:1]]
[2019.10.22-21.06.59:345][  0]LogConfig: Setting CVar [[r.SSS.HalfRes:1]]
[2019.10.22-21.06.59:345][  0]LogConfig: Setting CVar [[r.EmitterSpawnRateScale:1.0]]
[2019.10.22-21.06.59:345][  0]LogConfig: Setting CVar [[r.ParticleLightQuality:2]]
[2019.10.22-21.06.59:345][  0]LogConfig: Applying CVar settings from Section [FoliageQuality@3] File [C:/Users/drhut/OneDrive/Escritorio/JanJongejeugd_Conway/ConwayUE4/ConwayGame/Saved/Config/Windows/Scalability.ini]
[2019.10.22-21.06.59:345][  0]LogConfig: Setting CVar [[foliage.DensityScale:1.0]]
[2019.10.22-21.06.59:345][  0]LogConfig: Setting CVar [[grass.DensityScale:1.0]]
[2019.10.22-21.06.59:345][  0]LogConfig: Applying CVar settings from Section [Startup] File [../../../Engine/Config/ConsoleVariables.ini]
[2019.10.22-21.06.59:346][  0]LogConfig: Setting CVar [[net.UseAdaptiveNetUpdateFrequency:0]]
[2019.10.22-21.06.59:346][  0]LogConfig: Setting CVar [[p.chaos.AllowCreatePhysxBodies:1]]
[2019.10.22-21.06.59:346][  0]LogConfig: Applying CVar settings from Section [ConsoleVariables] File [C:/Users/drhut/OneDrive/Escritorio/JanJongejeugd_Conway/ConwayUE4/ConwayGame/Saved/Config/Windows/Engine.ini]
[2019.10.22-21.06.59:346][  0]LogInit: Computer: LAPTOP-A22VJFU3
[2019.10.22-21.06.59:346][  0]LogInit: User: drhut
[2019.10.22-21.06.59:346][  0]LogInit: CPU Page size=4096, Cores=6
[2019.10.22-21.06.59:346][  0]LogInit: High frequency timer resolution =10.000000 MHz
[2019.10.22-21.06.59:346][  0]LogMemory: Memory total: Physical=15.9GB (16GB approx)
[2019.10.22-21.06.59:346][  0]LogMemory: Platform Memory Stats for Windows
[2019.10.22-21.06.59:346][  0]LogMemory: Process Physical Memory: 98.45 MB used, 98.46 MB peak
[2019.10.22-21.06.59:346][  0]LogMemory: Process Virtual Memory: 89.72 MB used, 89.72 MB peak
[2019.10.22-21.06.59:346][  0]LogMemory: Physical Memory: 8089.17 MB used,  8145.00 MB free, 16234.18 MB total
[2019.10.22-21.06.59:346][  0]LogMemory: Virtual Memory: 4660.46 MB used,  134213064.00 MB free, 134217728.00 MB total
[2019.10.22-21.06.59:367][  0]LogInit: Overriding language with editor language configuration option (en).
[2019.10.22-21.06.59:367][  0]LogInit: Overriding locale with editor culture configuration option ().
[2019.10.22-21.06.59:367][  0]LogInit: Using OS detected locale (es-ES).
[2019.10.22-21.06.59:543][  0]LogInit: Setting process to per monitor DPI aware
[2019.10.22-21.06.59:576][  0]LogSlate: New Slate User Created.  User Index 0, Is Virtual User: 0
[2019.10.22-21.06.59:576][  0]LogSlate: Slate User Registered.  User Index 0, Is Virtual User: 0
[2019.10.22-21.06.59:740][  0]LogHMD: Failed to initialize OpenVR with code 110
[2019.10.22-21.06.59:740][  0]LogD3D11RHI: D3D11 adapters:
[2019.10.22-21.06.59:815][  0]LogD3D11RHI:    0. 'NVIDIA GeForce RTX 2060' (Feature Level 11_0)
[2019.10.22-21.06.59:815][  0]LogD3D11RHI:       5980/0/8117 MB DedicatedVideo/DedicatedSystem/SharedSystem, Outputs:1, VendorId:0x10de
[2019.10.22-21.06.59:827][  0]LogD3D11RHI:    1. 'Intel(R) UHD Graphics 630' (Feature Level 11_0)
[2019.10.22-21.06.59:827][  0]LogD3D11RHI:       128/0/8117 MB DedicatedVideo/DedicatedSystem/SharedSystem, Outputs:0, VendorId:0x8086
[2019.10.22-21.06.59:829][  0]LogD3D11RHI:    2. 'Microsoft Basic Render Driver' (Feature Level 11_0)
[2019.10.22-21.06.59:829][  0]LogD3D11RHI:       0/0/8117 MB DedicatedVideo/DedicatedSystem/SharedSystem, Outputs:0, VendorId:0x1414
[2019.10.22-21.06.59:829][  0]LogD3D11RHI: Chosen D3D11 Adapter: 0
[2019.10.22-21.06.59:856][  0]LogD3D11RHI: Creating new Direct3DDevice
[2019.10.22-21.06.59:856][  0]LogD3D11RHI:     GPU DeviceId: 0x1f11 (for the marketing name, search the web for "GPU Device Id")
[2019.10.22-21.06.59:856][  0]LogWindows: EnumDisplayDevices:
[2019.10.22-21.06.59:856][  0]LogWindows:    0. 'Intel(R) UHD Graphics 630' (P:1 D:1)
[2019.10.22-21.06.59:856][  0]LogWindows:    1. 'Intel(R) UHD Graphics 630' (P:0 D:0)
[2019.10.22-21.06.59:857][  0]LogWindows:    2. 'Intel(R) UHD Graphics 630' (P:0 D:0)
[2019.10.22-21.06.59:857][  0]LogWindows:    3. 'NVIDIA GeForce RTX 2060' (P:0 D:0)
[2019.10.22-21.06.59:857][  0]LogWindows:    4. 'NVIDIA GeForce RTX 2060' (P:0 D:0)
[2019.10.22-21.06.59:857][  0]LogWindows:    5. 'NVIDIA GeForce RTX 2060' (P:0 D:0)
[2019.10.22-21.06.59:857][  0]LogWindows:    6. 'NVIDIA GeForce RTX 2060' (P:0 D:0)
[2019.10.22-21.06.59:858][  0]LogWindows: DebugString: PrimaryIsNotTheChoosenAdapter PrimaryIsNotTheChoosenAdapter PrimaryIsNotTheChoosenAdapter FoundDriverCount:4 
[2019.10.22-21.06.59:858][  0]LogD3D11RHI:     Adapter Name: NVIDIA GeForce RTX 2060
[2019.10.22-21.06.59:858][  0]LogD3D11RHI:   Driver Version: 436.15 (internal:26.21.14.3615, unified:436.15)
[2019.10.22-21.06.59:858][  0]LogD3D11RHI:      Driver Date: 8-24-2019
[2019.10.22-21.06.59:858][  0]LogRHI: Texture pool is 4186 MB (70% of 5980 MB)
[2019.10.22-21.06.59:899][  0]LogD3D11RHI: Async texture creation enabled
[2019.10.22-21.06.59:905][  0]LogRendererCore: FGlobalReadBuffer::InitRHI
[2019.10.22-21.06.59:906][  0]LogRendererCore: FGlobalReadBuffer::InitRHI
[2019.10.22-21.06.59:906][  0]LogRendererCore: FGlobalReadBuffer::InitRHI
[2019.10.22-21.06.59:913][  0]LogD3D11RHI: GPU Timing Frequency: 1000.000000 (Debug: 2 1)
[2019.10.22-21.07.00:157][  0]LogTemp: Display: Module 'AllDesktopTargetPlatform' loaded TargetPlatform 'AllDesktop'
[2019.10.22-21.07.00:169][  0]LogTemp: Display: Module 'MacClientTargetPlatform' loaded TargetPlatform 'MacClient'
[2019.10.22-21.07.00:181][  0]LogTemp: Display: Module 'MacNoEditorTargetPlatform' loaded TargetPlatform 'MacNoEditor'
[2019.10.22-21.07.00:192][  0]LogTemp: Display: Module 'MacServerTargetPlatform' loaded TargetPlatform 'MacServer'
[2019.10.22-21.07.00:203][  0]LogTemp: Display: Module 'MacTargetPlatform' loaded TargetPlatform 'Mac'
[2019.10.22-21.07.00:215][  0]LogTemp: Display: Module 'WindowsClientTargetPlatform' loaded TargetPlatform 'WindowsClient'
[2019.10.22-21.07.00:227][  0]LogTemp: Display: Module 'WindowsNoEditorTargetPlatform' loaded TargetPlatform 'WindowsNoEditor'
[2019.10.22-21.07.00:238][  0]LogTemp: Display: Module 'WindowsServerTargetPlatform' loaded TargetPlatform 'WindowsServer'
[2019.10.22-21.07.00:244][  0]LogTemp: Display: Module 'WindowsTargetPlatform' loaded TargetPlatform 'Windows'
[2019.10.22-21.07.00:313][  0]LogTemp: Display: Module 'AndroidTargetPlatform' loaded TargetPlatform 'Android'
[2019.10.22-21.07.00:313][  0]LogTemp: Display: Module 'AndroidTargetPlatform' loaded TargetPlatform 'Android_ASTC'
[2019.10.22-21.07.00:313][  0]LogTemp: Display: Module 'AndroidTargetPlatform' loaded TargetPlatform 'Android_ATC'
[2019.10.22-21.07.00:313][  0]LogTemp: Display: Module 'AndroidTargetPlatform' loaded TargetPlatform 'Android_DXT'
[2019.10.22-21.07.00:313][  0]LogTemp: Display: Module 'AndroidTargetPlatform' loaded TargetPlatform 'Android_ETC1'
[2019.10.22-21.07.00:313][  0]LogTemp: Display: Module 'AndroidTargetPlatform' loaded TargetPlatform 'Android_ETC1a'
[2019.10.22-21.07.00:313][  0]LogTemp: Display: Module 'AndroidTargetPlatform' loaded TargetPlatform 'Android_ETC2'
[2019.10.22-21.07.00:313][  0]LogTemp: Display: Module 'AndroidTargetPlatform' loaded TargetPlatform 'Android_PVRTC'
[2019.10.22-21.07.00:313][  0]LogTemp: Display: Module 'AndroidTargetPlatform' loaded TargetPlatform 'AndroidClient'
[2019.10.22-21.07.00:313][  0]LogTemp: Display: Module 'AndroidTargetPlatform' loaded TargetPlatform 'Android_ASTCClient'
[2019.10.22-21.07.00:313][  0]LogTemp: Display: Module 'AndroidTargetPlatform' loaded TargetPlatform 'Android_ATCClient'
[2019.10.22-21.07.00:313][  0]LogTemp: Display: Module 'AndroidTargetPlatform' loaded TargetPlatform 'Android_DXTClient'
[2019.10.22-21.07.00:313][  0]LogTemp: Display: Module 'AndroidTargetPlatform' loaded TargetPlatform 'Android_ETC1Client'
[2019.10.22-21.07.00:313][  0]LogTemp: Display: Module 'AndroidTargetPlatform' loaded TargetPlatform 'Android_ETC1aClient'
[2019.10.22-21.07.00:313][  0]LogTemp: Display: Module 'AndroidTargetPlatform' loaded TargetPlatform 'Android_ETC2Client'
[2019.10.22-21.07.00:314][  0]LogTemp: Display: Module 'AndroidTargetPlatform' loaded TargetPlatform 'Android_PVRTCClient'
[2019.10.22-21.07.00:314][  0]LogTemp: Display: Module 'AndroidTargetPlatform' loaded TargetPlatform 'Android_Multi'
[2019.10.22-21.07.00:314][  0]LogTemp: Display: Module 'AndroidTargetPlatform' loaded TargetPlatform 'Android_MultiClient'
[2019.10.22-21.07.00:315][  0]LogTemp: Display: Module 'HTML5TargetPlatform' loaded TargetPlatform 'HTML5'
[2019.10.22-21.07.00:359][  0]LogTemp: Display: Module 'IOSTargetPlatform' loaded TargetPlatform 'IOSClient'
[2019.10.22-21.07.00:359][  0]LogTemp: Display: Module 'IOSTargetPlatform' loaded TargetPlatform 'IOS'
[2019.10.22-21.07.00:380][  0]LogTemp: Display: Module 'TVOSTargetPlatform' loaded TargetPlatform 'TVOSClient'
[2019.10.22-21.07.00:380][  0]LogTemp: Display: Module 'TVOSTargetPlatform' loaded TargetPlatform 'TVOS'
[2019.10.22-21.07.00:390][  0]LogTemp: Display: Module 'LinuxClientTargetPlatform' loaded TargetPlatform 'LinuxClient'
[2019.10.22-21.07.00:400][  0]LogTemp: Display: Module 'LinuxNoEditorTargetPlatform' loaded TargetPlatform 'LinuxNoEditor'
[2019.10.22-21.07.00:410][  0]LogTemp: Display: Module 'LinuxServerTargetPlatform' loaded TargetPlatform 'LinuxServer'
[2019.10.22-21.07.00:421][  0]LogTemp: Display: Module 'LinuxTargetPlatform' loaded TargetPlatform 'Linux'
[2019.10.22-21.07.00:457][  0]LogTemp: Display: Module 'LuminTargetPlatform' loaded TargetPlatform 'Lumin'
[2019.10.22-21.07.00:457][  0]LogTemp: Display: Module 'LuminTargetPlatform' loaded TargetPlatform 'LuminClient'
[2019.10.22-21.07.00:457][  0]LogTargetPlatformManager: Display: Building Assets For Windows
[2019.10.22-21.07.00:463][  0]LogAudioDebug: Display: Lib vorbis DLL was dynamically loaded.
[2019.10.22-21.07.00:504][  0]LogShaderCompilers: Guid format shader working directory is -46 characters bigger than the processId version (../../../../../../Users/drhut/OneDrive/Escritorio/JanJongejeugd_Conway/ConwayUE4/ConwayGame/Intermediate/Shaders/WorkingDirectory/11592/).
[2019.10.22-21.07.00:504][  0]LogShaderCompilers: Cleaned the shader compiler working directory 'C:/Users/drhut/AppData/Local/Temp/UnrealShaderWorkingDir/C4CB6D3549E8586DA94AECA628211BFA/'.
[2019.10.22-21.07.00:505][  0]LogXGEController: Cannot use XGE Controller as Incredibuild is not installed on this machine.
[2019.10.22-21.07.00:505][  0]LogShaderCompilers: Cannot use XGE Shader Compiler as Incredibuild is not installed on this machine.
[2019.10.22-21.07.00:506][  0]LogShaderCompilers: Display: Using Local Shader Compiler.
[2019.10.22-21.07.00:959][  0]LogDerivedDataCache: Display: Max Cache Size: 512 MB
[2019.10.22-21.07.01:000][  0]LogDerivedDataCache: Loaded boot cache 0.04s 74MB C:/Users/drhut/AppData/Local/UnrealEngine/4.22/DerivedDataCache/Boot.ddc.
[2019.10.22-21.07.01:000][  0]LogDerivedDataCache: Display: Loaded Boot cache: C:/Users/drhut/AppData/Local/UnrealEngine/4.22/DerivedDataCache/Boot.ddc
[2019.10.22-21.07.01:000][  0]LogDerivedDataCache: FDerivedDataBackendGraph:  Pak pak cache file ../../../../../../Users/drhut/OneDrive/Escritorio/JanJongejeugd_Conway/ConwayUE4/ConwayGame/DerivedDataCache/DDC.ddp not found, will not use a pak cache.
[2019.10.22-21.07.01:000][  0]LogDerivedDataCache: Unable to find inner node Pak for hierarchical cache Hierarchy.
[2019.10.22-21.07.01:000][  0]LogDerivedDataCache: FDerivedDataBackendGraph:  CompressedPak pak cache file ../../../../../../Users/drhut/OneDrive/Escritorio/JanJongejeugd_Conway/ConwayUE4/ConwayGame/DerivedDataCache/Compressed.ddp not found, will not use a pak cache.
[2019.10.22-21.07.01:000][  0]LogDerivedDataCache: Unable to find inner node CompressedPak for hierarchical cache Hierarchy.
[2019.10.22-21.07.01:011][  0]LogDerivedDataCache: Display: Pak cache opened for reading ../../../Engine/DerivedDataCache/Compressed.ddp.
[2019.10.22-21.07.01:011][  0]LogDerivedDataCache: FDerivedDataBackendGraph:  EnterprisePak pak cache file ../../../Enterprise/DerivedDataCache/Compressed.ddp not found, will not use a pak cache.
[2019.10.22-21.07.01:011][  0]LogDerivedDataCache: Unable to find inner node EnterprisePak for hierarchical cache Hierarchy.
[2019.10.22-21.07.01:023][  0]LogDerivedDataCache: Using Local data cache path C:/Users/drhut/AppData/Local/UnrealEngine/Common/DerivedDataCache: Writable
[2019.10.22-21.07.01:023][  0]LogDerivedDataCache: Shared data cache path not found in *engine.ini, will not use an Shared cache.
[2019.10.22-21.07.01:023][  0]LogDerivedDataCache: Unable to find inner node Shared for hierarchical cache Hierarchy.
[2019.10.22-21.07.01:043][  0]LogMaterial: Verifying Global Shaders for PCD3D_SM5
[2019.10.22-21.07.01:044][  0]LogSlate: Using FreeType 2.6.0
[2019.10.22-21.07.01:045][  0]LogSlate: SlateFontServices - WITH_FREETYPE: 1, WITH_HARFBUZZ: 1
[2019.10.22-21.07.01:117][  0]LogAssetRegistry: FAssetRegistry took 0.0322 seconds to start up
[2019.10.22-21.07.01:382][  0]LogInit: Selected Device Profile: [Windows]
[2019.10.22-21.07.01:426][  0]LogMaterial: Display: Missing cached shader map for material DefaultDeferredDecalMaterial, compiling. 
[2019.10.22-21.07.09:141][  0]LogShaderCompilers: Display: Shaders left to compile 130
[2019.10.22-21.07.09:141][  0]LogShaderCompilers: Display: Shaders left to compile 120
[2019.10.22-21.07.09:141][  0]LogShaderCompilers: Display: Shaders left to compile 110
[2019.10.22-21.07.09:141][  0]LogShaderCompilers: Display: Shaders left to compile 100
[2019.10.22-21.07.09:141][  0]LogShaderCompilers: Display: Shaders left to compile 90
[2019.10.22-21.07.09:141][  0]LogShaderCompilers: Display: Shaders left to compile 80
[2019.10.22-21.07.09:141][  0]LogShaderCompilers: Display: Shaders left to compile 70
[2019.10.22-21.07.09:141][  0]LogShaderCompilers: Display: Shaders left to compile 60
[2019.10.22-21.07.09:141][  0]LogShaderCompilers: Display: Shaders left to compile 50
[2019.10.22-21.07.09:141][  0]LogShaderCompilers: Display: Shaders left to compile 40
[2019.10.22-21.07.09:141][  0]LogShaderCompilers: Display: Shaders left to compile 30
[2019.10.22-21.07.09:141][  0]LogShaderCompilers: Display: Shaders left to compile 20
[2019.10.22-21.07.09:141][  0]LogShaderCompilers: Display: Shaders left to compile 10
[2019.10.22-21.07.09:141][  0]LogMaterial: Display: Missing cached shader map for material DefaultPostProcessMaterial, compiling. 
[2019.10.22-21.07.09:660][  0]LogShaderCompilers: Display: Shaders left to compile 10
[2019.10.22-21.07.09:660][  0]LogMaterial: Display: Missing cached shader map for material WorldGridMaterial, compiling. Is special engine material.
[2019.10.22-21.07.37:717][  0]LogShaderCompilers: Display: Shaders left to compile 800
[2019.10.22-21.07.37:717][  0]LogShaderCompilers: Display: Shaders left to compile 790
[2019.10.22-21.07.37:717][  0]LogShaderCompilers: Display: Shaders left to compile 780
[2019.10.22-21.07.37:717][  0]LogShaderCompilers: Display: Shaders left to compile 770
[2019.10.22-21.07.37:717][  0]LogShaderCompilers: Display: Shaders left to compile 760
[2019.10.22-21.07.37:717][  0]LogShaderCompilers: Display: Shaders left to compile 750
[2019.10.22-21.07.37:717][  0]LogShaderCompilers: Display: Shaders left to compile 740
[2019.10.22-21.07.37:717][  0]LogShaderCompilers: Display: Shaders left to compile 730
[2019.10.22-21.07.37:717][  0]LogShaderCompilers: Display: Shaders left to compile 720
[2019.10.22-21.07.37:717][  0]LogShaderCompilers: Display: Shaders left to compile 710
[2019.10.22-21.07.37:717][  0]LogShaderCompilers: Display: Shaders left to compile 700
[2019.10.22-21.07.37:717][  0]LogShaderCompilers: Display: Shaders left to compile 690
[2019.10.22-21.07.37:717][  0]LogShaderCompilers: Display: Shaders left to compile 680
[2019.10.22-21.07.37:717][  0]LogShaderCompilers: Display: Shaders left to compile 670
[2019.10.22-21.07.37:717][  0]LogShaderCompilers: Display: Shaders left to compile 660
[2019.10.22-21.07.37:717][  0]LogShaderCompilers: Display: Shaders left to compile 650
[2019.10.22-21.07.37:717][  0]LogShaderCompilers: Display: Shaders left to compile 640
[2019.10.22-21.07.37:717][  0]LogShaderCompilers: Display: Shaders left to compile 630
[2019.10.22-21.07.37:717][  0]LogShaderCompilers: Display: Shaders left to compile 620
[2019.10.22-21.07.37:717][  0]LogShaderCompilers: Display: Shaders left to compile 610
[2019.10.22-21.07.37:717][  0]LogShaderCompilers: Display: Shaders left to compile 600
[2019.10.22-21.07.37:717][  0]LogShaderCompilers: Display: Shaders left to compile 590
[2019.10.22-21.07.37:717][  0]LogShaderCompilers: Display: Shaders left to compile 580
[2019.10.22-21.07.37:717][  0]LogShaderCompilers: Display: Shaders left to compile 570
[2019.10.22-21.07.37:717][  0]LogShaderCompilers: Display: Shaders left to compile 560
[2019.10.22-21.07.37:717][  0]LogShaderCompilers: Display: Shaders left to compile 550
[2019.10.22-21.07.37:717][  0]LogShaderCompilers: Display: Shaders left to compile 540
[2019.10.22-21.07.37:717][  0]LogShaderCompilers: Display: Shaders left to compile 530
[2019.10.22-21.07.37:717][  0]LogShaderCompilers: Display: Shaders left to compile 520
[2019.10.22-21.07.37:717][  0]LogShaderCompilers: Display: Shaders left to compile 510
[2019.10.22-21.07.37:717][  0]LogShaderCompilers: Display: Shaders left to compile 500
[2019.10.22-21.07.37:717][  0]LogShaderCompilers: Display: Shaders left to compile 490
[2019.10.22-21.07.37:717][  0]LogShaderCompilers: Display: Shaders left to compile 480
[2019.10.22-21.07.37:717][  0]LogShaderCompilers: Display: Shaders left to compile 470
[2019.10.22-21.07.37:717][  0]LogShaderCompilers: Display: Shaders left to compile 460
[2019.10.22-21.07.37:717][  0]LogShaderCompilers: Display: Shaders left to compile 450
[2019.10.22-21.07.37:717][  0]LogShaderCompilers: Display: Shaders left to compile 440
[2019.10.22-21.07.37:717][  0]LogShaderCompilers: Display: Shaders left to compile 430
[2019.10.22-21.07.37:717][  0]LogShaderCompilers: Display: Shaders left to compile 420
[2019.10.22-21.07.37:717][  0]LogShaderCompilers: Display: Shaders left to compile 410
[2019.10.22-21.07.37:717][  0]LogShaderCompilers: Display: Shaders left to compile 400
[2019.10.22-21.07.37:717][  0]LogShaderCompilers: Display: Shaders left to compile 390
[2019.10.22-21.07.37:717][  0]LogShaderCompilers: Display: Shaders left to compile 380
[2019.10.22-21.07.37:717][  0]LogShaderCompilers: Display: Shaders left to compile 370
[2019.10.22-21.07.37:717][  0]LogShaderCompilers: Display: Shaders left to compile 360
[2019.10.22-21.07.37:717][  0]LogShaderCompilers: Display: Shaders left to compile 350
[2019.10.22-21.07.37:717][  0]LogShaderCompilers: Display: Shaders left to compile 340
[2019.10.22-21.07.37:717][  0]LogShaderCompilers: Display: Shaders left to compile 330
[2019.10.22-21.07.37:717][  0]LogShaderCompilers: Display: Shaders left to compile 320
[2019.10.22-21.07.37:717][  0]LogShaderCompilers: Display: Shaders left to compile 310
[2019.10.22-21.07.37:717][  0]LogShaderCompilers: Display: Shaders left to compile 300
[2019.10.22-21.07.37:717][  0]LogShaderCompilers: Display: Shaders left to compile 290
[2019.10.22-21.07.37:717][  0]LogShaderCompilers: Display: Shaders left to compile 280
[2019.10.22-21.07.37:717][  0]LogShaderCompilers: Display: Shaders left to compile 270
[2019.10.22-21.07.37:717][  0]LogShaderCompilers: Display: Shaders left to compile 260
[2019.10.22-21.07.37:717][  0]LogShaderCompilers: Display: Shaders left to compile 250
[2019.10.22-21.07.37:717][  0]LogShaderCompilers: Display: Shaders left to compile 240
[2019.10.22-21.07.37:717][  0]LogShaderCompilers: Display: Shaders left to compile 230
[2019.10.22-21.07.37:717][  0]LogShaderCompilers: Display: Shaders left to compile 220
[2019.10.22-21.07.37:717][  0]LogShaderCompilers: Display: Shaders left to compile 210
[2019.10.22-21.07.37:717][  0]LogShaderCompilers: Display: Shaders left to compile 200
[2019.10.22-21.07.37:717][  0]LogShaderCompilers: Display: Shaders left to compile 190
[2019.10.22-21.07.37:717][  0]LogShaderCompilers: Display: Shaders left to compile 180
[2019.10.22-21.07.37:717][  0]LogShaderCompilers: Display: Shaders left to compile 170
[2019.10.22-21.07.37:717][  0]LogShaderCompilers: Display: Shaders left to compile 160
[2019.10.22-21.07.37:717][  0]LogShaderCompilers: Display: Shaders left to compile 150
[2019.10.22-21.07.37:717][  0]LogShaderCompilers: Display: Shaders left to compile 140
[2019.10.22-21.07.37:717][  0]LogShaderCompilers: Display: Shaders left to compile 130
[2019.10.22-21.07.37:717][  0]LogShaderCompilers: Display: Shaders left to compile 120
[2019.10.22-21.07.37:717][  0]LogShaderCompilers: Display: Shaders left to compile 110
[2019.10.22-21.07.37:717][  0]LogShaderCompilers: Display: Shaders left to compile 100
[2019.10.22-21.07.37:717][  0]LogShaderCompilers: Display: Shaders left to compile 90
[2019.10.22-21.07.37:717][  0]LogShaderCompilers: Display: Shaders left to compile 80
[2019.10.22-21.07.37:717][  0]LogShaderCompilers: Display: Shaders left to compile 70
[2019.10.22-21.07.37:717][  0]LogShaderCompilers: Display: Shaders left to compile 60
[2019.10.22-21.07.37:717][  0]LogShaderCompilers: Display: Shaders left to compile 50
[2019.10.22-21.07.37:717][  0]LogShaderCompilers: Display: Shaders left to compile 40
[2019.10.22-21.07.37:717][  0]LogShaderCompilers: Display: Shaders left to compile 30
[2019.10.22-21.07.37:717][  0]LogShaderCompilers: Display: Shaders left to compile 20
[2019.10.22-21.07.37:717][  0]LogShaderCompilers: Display: Shaders left to compile 10
[2019.10.22-21.07.37:717][  0]LogMeshReduction: Using QuadricMeshReduction for automatic static mesh reduction
[2019.10.22-21.07.37:718][  0]LogMeshReduction: Using SimplygonMeshReduction for automatic skeletal mesh reduction
[2019.10.22-21.07.37:718][  0]LogMeshReduction: Using ProxyLODMeshReduction for automatic mesh merging
[2019.10.22-21.07.37:718][  0]LogMeshReduction: No distributed automatic mesh merging module available
[2019.10.22-21.07.37:718][  0]LogMeshMerging: No distributed automatic mesh merging module available
[2019.10.22-21.07.37:726][  0]LogNetVersion: ConwayGame 1.0.0, NetCL: 5660361, EngineNetVer: 10, GameNetVer: 0 (Checksum: 3145286060)
[2019.10.22-21.07.37:770][  0]LogMaterial: Display: Missing cached shader map for material M_ChromeBall, compiling. 
[2019.10.22-21.07.38:307][  0]LogPackageLocalizationCache: Processed 10 localized package path(s) for 1 prioritized culture(s) in 0.075537 seconds
[2019.10.22-21.07.38:318][  0]LogUObjectArray: 42207 objects as part of root set at end of initial load.
[2019.10.22-21.07.38:318][  0]LogUObjectAllocator: 7325480 out of 0 bytes used by permanent object pool.
[2019.10.22-21.07.38:318][  0]LogUObjectArray: CloseDisregardForGC: 0/0 objects in disregard for GC pool
[2019.10.22-21.07.39:732][  0]LogTcpMessaging: Initializing TcpMessaging bridge
[2019.10.22-21.07.39:748][  0]LogUdpMessaging: Initializing bridge on interface 0.0.0.0:0 to multicast group 230.0.0.1:6666.
[2019.10.22-21.07.39:832][  0]LogMaterial: Display: Missing cached shader map for material DefaultMaterial, compiling. 
[2019.10.22-21.07.40:015][  0]SourceControl: Source control is disabled
[2019.10.22-21.07.40:015][  0]SourceControl: Source control is disabled
[2019.10.22-21.07.40:018][  0]SourceControl: Source control is disabled
[2019.10.22-21.07.40:020][  0]SourceControl: Source control is disabled
[2019.10.22-21.07.40:155][  0]LogAndroidPermission: UAndroidPermissionCallbackProxy::GetInstance
[2019.10.22-21.07.40:307][  0]LogOcInput: OculusInput pre-init called
[2019.10.22-21.07.40:340][  0]LogMaterial: Display: Missing cached shader map for material touchController_mat, compiling. 
[2019.10.22-21.07.41:443][  0]LogEngine: Initializing Engine...
[2019.10.22-21.07.41:445][  0]LogHMD: Failed to initialize OpenVR with code 110
[2019.10.22-21.07.41:447][  0]LogStats: UGameplayTagsManager::InitializeManager -  0.000 s
[2019.10.22-21.07.41:452][  0]LogMaterial: Display: Missing cached shader map for material WireframeMaterial, compiling. Is special engine material.
[2019.10.22-21.07.41:607][  0]LogMaterial: Display: Missing cached shader map for material LevelColorationLitMaterial, compiling. Is special engine material.
[2019.10.22-21.07.42:140][  0]LogMaterial: Display: Missing cached shader map for material LevelColorationUnlitMaterial, compiling. Is special engine material.
[2019.10.22-21.07.42:279][  0]LogMaterial: Display: Missing cached shader map for material MAT_LevelColorationLitLightmapUV, compiling. Is special engine material.
[2019.10.22-21.07.42:824][  0]LogShaderCompilers: Display: Shaders left to compile 1430
[2019.10.22-21.07.42:832][  0]LogMaterial: Display: Missing cached shader map for material ShadedLevelColorationLitMaterial, compiling. Is special engine material.
[2019.10.22-21.07.43:360][  0]LogMaterial: Display: Missing cached shader map for material ShadedLevelColorationUnlitMateri, compiling. Is special engine material.
[2019.10.22-21.07.43:490][  0]LogMaterial: Display: Missing cached shader map for material VertexColorMaterial, compiling. 
[2019.10.22-21.07.43:606][  0]LogMaterial: Display: Missing cached shader map for material VertexColorViewMode_ColorOnly, compiling. 
[2019.10.22-21.07.43:648][  0]LogMaterial: Display: Missing cached shader map for material VertexColorViewMode_AlphaAsColor, compiling. 
[2019.10.22-21.07.43:677][  0]LogMaterial: Display: Missing cached shader map for material VertexColorViewMode_RedOnly, compiling. 
[2019.10.22-21.07.43:705][  0]LogMaterial: Display: Missing cached shader map for material VertexColorViewMode_GreenOnly, compiling. 
[2019.10.22-21.07.43:731][  0]LogMaterial: Display: Missing cached shader map for material VertexColorViewMode_BlueOnly, compiling. 
[2019.10.22-21.07.43:830][  0]LogMaterial: Display: Missing cached shader map for material BoneWeightMaterial, compiling. 
[2019.10.22-21.07.44:064][  0]LogInit: Initializing FReadOnlyCVARCache
[2019.10.22-21.07.44:088][  0]LogAIModule: Creating AISystem for world Untitled
[2019.10.22-21.07.44:119][  0]LogInit: XAudio2 using 'Altavoces (Realtek(R) Audio)' : 2 channels at 48 kHz using 32 bits per sample (channel mask 0x3)
[2019.10.22-21.07.44:236][  0]LogInit: FAudioDevice initialized.
[2019.10.22-21.07.44:237][  0]LogNetVersion: Set ProjectVersion to 1.0.0.0. Version Checksum will be recalculated on next use.
[2019.10.22-21.07.44:304][  0]LogDerivedDataCache: Saved boot cache 0.07s 76MB C:/Users/drhut/AppData/Local/UnrealEngine/4.22/DerivedDataCache/Boot.ddc.
[2019.10.22-21.07.44:318][  0]LogInit: Texture streaming: Enabled
[2019.10.22-21.07.44:353][  0]LogEngineSessionManager: EngineSessionManager initialized
[2019.10.22-21.07.44:403][  0]LogInit: Transaction tracking system initialized
[2019.10.22-21.07.44:448][  0]BlueprintLog: New page: Editor Load
[2019.10.22-21.07.44:598][  0]LocalizationService: Localization service is disabled
[2019.10.22-21.07.45:130][  0]LogFileCache: Scanning file cache for directory 'C:/Users/drhut/OneDrive/Escritorio/JanJongejeugd_Conway/ConwayUE4/ConwayGame/Content/' took 0.02s
[2019.10.22-21.07.45:130][  0]LogCook: Display: Max memory allowance for cook 16384mb min free memory 0mb
[2019.10.22-21.07.45:131][  0]LogCook: Display: Mobile HDR setting 1
[2019.10.22-21.07.45:271][  0]LogLinker: Warning: Can't find file '/Engine/BasicShapes/Cube'
[2019.10.22-21.07.45:272][  0]LogLinker: Warning: Can't find file '/Engine/BasicShapes/Cube'
[2019.10.22-21.07.45:272][  0]LogUObjectGlobals: Warning: Failed to find object 'StaticMesh /Engine/BasicShapes/Cube.Cube'
[2019.10.22-21.07.45:284][  0]LogUObjectGlobals: Warning: Failed to find object 'StaticMesh /Engine/BasicShapes/Plane.Plane'
[2019.10.22-21.07.45:446][  0]SourceControl: Source control is disabled
[2019.10.22-21.07.45:446][  0]Cmd: MAP LOAD FILE="../../../../../../Users/drhut/OneDrive/Escritorio/JanJongejeugd_Conway/ConwayUE4/ConwayGame/Content/Content/Levels/mainLervel.umap" TEMPLATE=0 SHOWPROGRESS=1 FEATURELEVEL=3
[2019.10.22-21.07.45:447][  0]LightingResults: New page: Lighting Build
[2019.10.22-21.07.45:452][  0]MapCheck: New page: Map Check
[2019.10.22-21.07.45:452][  0]LightingResults: New page: Lighting Build
[2019.10.22-21.07.45:492][  0]LogUObjectHash: Compacting FUObjectHashTables data took   3.11ms
[2019.10.22-21.07.46:015][  0]LogMaterial: Display: Missing cached shader map for material TerrainCollisionMaterial, compiling. Is special engine material.
[2019.10.22-21.07.46:213][  0]LogAIModule: Creating AISystem for world mainLervel
[2019.10.22-21.07.46:289][  0]LogEditorServer: Finished looking for orphan Actors (0.000 secs)
[2019.10.22-21.07.46:331][  0]LogUObjectHash: Compacting FUObjectHashTables data took   3.74ms
[2019.10.22-21.07.46:332][  0]Cmd: MAP CHECKDEP NOCLEARLOG
[2019.10.22-21.07.46:332][  0]MapCheck: Map check complete: 0 Error(s), 0 Warning(s), took 0,232ms to complete.
[2019.10.22-21.07.46:332][  0]LogFileHelpers: Loading map 'mainLervel' took 0.886
[2019.10.22-21.07.46:481][  0]LogSlate: Updating window title bar state: overlay mode, drag disabled, window buttons hidden, title bar hidden
[2019.10.22-21.07.46:497][  0]LogSlate: Updating window title bar state: overlay mode, drag disabled, window buttons hidden, title bar hidden
[2019.10.22-21.07.46:511][  0]LogSlate: Updating window title bar state: overlay mode, drag disabled, window buttons hidden, title bar hidden
[2019.10.22-21.07.46:525][  0]LogSlate: Updating window title bar state: overlay mode, drag disabled, window buttons hidden, title bar hidden
[2019.10.22-21.07.46:535][  0]LogCollectionManager: Loaded 0 collections in 0.002882 seconds
[2019.10.22-21.07.46:565][  0]LogFileCache: Scanning file cache for directory 'C:/Users/drhut/OneDrive/Escritorio/JanJongejeugd_Conway/ConwayUE4/ConwayGame/Saved/Collections/' took 0.01s
[2019.10.22-21.07.46:565][  0]LogFileCache: Scanning file cache for directory 'C:/Users/drhut/OneDrive/Escritorio/JanJongejeugd_Conway/ConwayUE4/ConwayGame/Content/Developers/drhut/Collections/' took 0.01s
[2019.10.22-21.07.46:565][  0]LogFileCache: Scanning file cache for directory 'C:/Users/drhut/OneDrive/Escritorio/JanJongejeugd_Conway/ConwayUE4/ConwayGame/Content/Collections/' took 0.00s
[2019.10.22-21.07.46:566][  0]LogCollectionManager: Rebuilt the GUID cache for 0 collections in 0.000000 seconds
[2019.10.22-21.07.46:581][  0]LogContentBrowser: Native class hierarchy populated in 0.0154 seconds. Added 2732 classes and 659 folders.
[2019.10.22-21.07.46:596][  0]LogContentBrowser: Native class hierarchy updated for 'WidgetCarousel' in 0.0005 seconds. Added 0 classes and 0 folders.
[2019.10.22-21.07.46:598][  0]LogPakFile: Registered encryption key '00000000000000000000000000000000': 0 pak files mounted, 0 remain pending
[2019.10.22-21.07.46:599][  0]LogPakFile: Registered encryption key '00000000000000000000000000000000': 0 pak files mounted, 0 remain pending
[2019.10.22-21.07.46:600][  0]LogPakFile: Registered encryption key '00000000000000000000000000000000': 0 pak files mounted, 0 remain pending
[2019.10.22-21.07.46:601][  0]LogPakFile: Registered encryption key '00000000000000000000000000000000': 0 pak files mounted, 0 remain pending
[2019.10.22-21.07.46:602][  0]LogPakFile: Registered encryption key '00000000000000000000000000000000': 0 pak files mounted, 0 remain pending
[2019.10.22-21.07.46:603][  0]LogPakFile: Registered encryption key '00000000000000000000000000000000': 0 pak files mounted, 0 remain pending
[2019.10.22-21.07.46:603][  0]LogPakFile: Registered encryption key '00000000000000000000000000000000': 0 pak files mounted, 0 remain pending
[2019.10.22-21.07.46:605][  0]LogPakFile: Registered encryption key '00000000000000000000000000000000': 0 pak files mounted, 0 remain pending
[2019.10.22-21.07.46:605][  0]LogPakFile: Registered encryption key '00000000000000000000000000000000': 0 pak files mounted, 0 remain pending
[2019.10.22-21.07.46:606][  0]LogPakFile: Registered encryption key '00000000000000000000000000000000': 0 pak files mounted, 0 remain pending
[2019.10.22-21.07.46:607][  0]LogPakFile: Registered encryption key '00000000000000000000000000000000': 0 pak files mounted, 0 remain pending
[2019.10.22-21.07.46:608][  0]LogPakFile: Registered encryption key '00000000000000000000000000000000': 0 pak files mounted, 0 remain pending
[2019.10.22-21.07.46:608][  0]LogPakFile: Registered encryption key '00000000000000000000000000000000': 0 pak files mounted, 0 remain pending
[2019.10.22-21.07.46:609][  0]LogPakFile: Registered encryption key '00000000000000000000000000000000': 0 pak files mounted, 0 remain pending
[2019.10.22-21.07.46:610][  0]LogPakFile: Registered encryption key '00000000000000000000000000000000': 0 pak files mounted, 0 remain pending
[2019.10.22-21.07.46:611][  0]LogPakFile: Registered encryption key '00000000000000000000000000000000': 0 pak files mounted, 0 remain pending
[2019.10.22-21.07.46:612][  0]LogPakFile: Registered encryption key '00000000000000000000000000000000': 0 pak files mounted, 0 remain pending
[2019.10.22-21.07.46:613][  0]LogPakFile: Registered encryption key '00000000000000000000000000000000': 0 pak files mounted, 0 remain pending
[2019.10.22-21.07.46:614][  0]LogPakFile: Registered encryption key '00000000000000000000000000000000': 0 pak files mounted, 0 remain pending
[2019.10.22-21.07.46:615][  0]LogPakFile: Registered encryption key '00000000000000000000000000000000': 0 pak files mounted, 0 remain pending
[2019.10.22-21.07.46:616][  0]LogPakFile: Registered encryption key '00000000000000000000000000000000': 0 pak files mounted, 0 remain pending
[2019.10.22-21.07.46:617][  0]LogPakFile: Registered encryption key '00000000000000000000000000000000': 0 pak files mounted, 0 remain pending
[2019.10.22-21.07.46:618][  0]LogPakFile: Registered encryption key '00000000000000000000000000000000': 0 pak files mounted, 0 remain pending
[2019.10.22-21.07.46:619][  0]LogPakFile: Registered encryption key '00000000000000000000000000000000': 0 pak files mounted, 0 remain pending
[2019.10.22-21.07.46:620][  0]LogPakFile: Registered encryption key '00000000000000000000000000000000': 0 pak files mounted, 0 remain pending
[2019.10.22-21.07.46:621][  0]LogPakFile: Registered encryption key '00000000000000000000000000000000': 0 pak files mounted, 0 remain pending
[2019.10.22-21.07.46:670][  0]LogContentBrowser: Native class hierarchy updated for 'AddContentDialog' in 0.0004 seconds. Added 0 classes and 0 folders.
[2019.10.22-21.07.46:679][  0]LogContentBrowser: Native class hierarchy updated for 'SceneOutliner' in 0.0005 seconds. Added 1 classes and 2 folders.
[2019.10.22-21.07.48:485][  0]LogSlate: Only BGRA pngs, bmps or icos are supported in by External Image Picker
[2019.10.22-21.07.48:527][  0]LogSlate: Took 0.000272 seconds to synchronously load lazily loaded font '../../../Engine/Content/Slate/Fonts/Roboto-Regular.ttf' (155K)
[2019.10.22-21.07.48:533][  0]LogSlate: Took 0.000303 seconds to synchronously load lazily loaded font '../../../Engine/Content/Slate/Fonts/Roboto-Bold.ttf' (160K)
[2019.10.22-21.07.48:543][  0]LogSlate: Took 0.000449 seconds to synchronously load lazily loaded font '../../../Engine/Content/Editor/Slate/Fonts/FontAwesome.ttf' (139K)
[2019.10.22-21.07.48:627][  0]LogRenderer: Reallocating scene render targets to support 844x436 Format 10 NumSamples 1 (Frame:1).
[2019.10.22-21.07.48:689][  0]LogSlate: Took 0.000295 seconds to synchronously load lazily loaded font '../../../Engine/Content/Slate/Fonts/Roboto-Light.ttf' (167K)
[2019.10.22-21.07.48:883][  0]LogContentBrowser: Native class hierarchy updated for 'HierarchicalLODOutliner' in 0.0005 seconds. Added 0 classes and 0 folders.
[2019.10.22-21.07.48:883][  0]LogLoad: (Engine Initialization) Total time: 51.19 seconds
[2019.10.22-21.07.48:883][  0]LogLoad: (Engine Initialization) Total Blueprint compile time: 0.00 seconds
[2019.10.22-21.07.49:115][  0]LogAssetRegistry: Asset discovery search completed in 48.0201 seconds
[2019.10.22-21.07.49:119][  0]LogCollectionManager: Rebuilt the object cache for 0 collections in 0.000001 seconds (found 0 objects)
[2019.10.22-21.07.49:119][  0]LogCollectionManager: Fixed up redirectors for 0 collections in 0.000106 seconds (updated 0 objects)
[2019.10.22-21.07.49:120][  0]LogContentStreaming: Texture pool size now 1000 MB
[2019.10.22-21.07.49:935][ 43]LogSlate: Took 0.000244 seconds to synchronously load lazily loaded font '../../../Engine/Content/Slate/Fonts/Roboto-Light.ttf' (167K)
[2019.10.22-21.08.03:464][151]LogSlate: FSceneViewport::OnFocusLost() reason 0
[2019.10.22-21.08.05:253][295]LogSlate: FSceneViewport::OnFocusLost() reason 0
[2019.10.22-21.08.05:357][303]LogSlate: Window 'Project Settings' being destroyed
[2019.10.22-21.08.05:366][303]LogSlate: Window 'Project Settings' being destroyed
[2019.10.22-21.10.57:203][462]LogSlate: FSceneViewport::OnFocusLost() reason 0
[2019.10.22-21.10.57:312][475]LogTemp: Repeating last play command: Standalone Game
[2019.10.22-21.10.57:348][475]LogUObjectHash: Compacting FUObjectHashTables data took   1.28ms
[2019.10.22-21.12.29:858][256]LogSlate: Window 'Save Level As' being destroyed
